[0.168s] Invoking command in '/home/kenechi/ros2_ws/build/my_py_pkg': PYTHONPATH=/home/kenechi/ros2_ws/install/my_py_pkg/lib/python3.8/site-packages:${PYTHONPATH} /usr/bin/python3 setup.py develop --prefix /home/kenechi/ros2_ws/install/my_py_pkg --editable --build-directory /home/kenechi/ros2_ws/build/my_py_pkg/build --no-deps install_data --install-dir /home/kenechi/ros2_ws/install/my_py_pkg
[0.329s] running develop
[0.406s] running egg_info
[0.406s] writing my_py_pkg.egg-info/PKG-INFO
[0.406s] writing dependency_links to my_py_pkg.egg-info/dependency_links.txt
[0.406s] writing entry points to my_py_pkg.egg-info/entry_points.txt
[0.406s] writing requirements to my_py_pkg.egg-info/requires.txt
[0.406s] writing top-level names to my_py_pkg.egg-info/top_level.txt
[0.433s] reading manifest file 'my_py_pkg.egg-info/SOURCES.txt'
[0.434s] writing manifest file 'my_py_pkg.egg-info/SOURCES.txt'
[0.470s] running build_ext
[0.470s] Creating /home/kenechi/ros2_ws/install/my_py_pkg/lib/python3.8/site-packages/site.py
[0.471s] Creating /home/kenechi/ros2_ws/install/my_py_pkg/lib/python3.8/site-packages/my-py-pkg.egg-link (link to .)
[0.472s] Installing py_node script to /home/kenechi/ros2_ws/install/my_py_pkg/lib/my_py_pkg
[0.472s] Installing robot_news_station script to /home/kenechi/ros2_ws/install/my_py_pkg/lib/my_py_pkg
[0.472s] 
[0.472s] Installed /home/kenechi/ros2_ws/build/my_py_pkg
[0.472s] running install_data
[0.472s] copying package.xml -> /home/kenechi/ros2_ws/install/my_py_pkg/share/my_py_pkg
[0.489s] Invoked command in '/home/kenechi/ros2_ws/build/my_py_pkg' returned '0': PYTHONPATH=/home/kenechi/ros2_ws/install/my_py_pkg/lib/python3.8/site-packages:${PYTHONPATH} /usr/bin/python3 setup.py develop --prefix /home/kenechi/ros2_ws/install/my_py_pkg --editable --build-directory /home/kenechi/ros2_ws/build/my_py_pkg/build --no-deps install_data --install-dir /home/kenechi/ros2_ws/install/my_py_pkg
