[0.012s] Invoking command in '/home/kenechi/ros2_ws/build/my_cpp_pkg': CMAKE_PREFIX_PATH=${CMAKE_PREFIX_PATH}:/home/kenechi/ros2_ws/install/my_py_pkg:/opt/ros/foxy /usr/bin/cmake --build /home/kenechi/ros2_ws/build/my_cpp_pkg -- -j24 -l24
[0.032s] -- Found ament_cmake: 0.9.9 (/opt/ros/foxy/share/ament_cmake/cmake)
[0.057s] -- Using PYTHON_EXECUTABLE: /usr/bin/python3
[0.185s] -- Found rclcpp: 2.4.0 (/opt/ros/foxy/share/rclcpp/cmake)
[0.211s] -- Using all available rosidl_typesupport_c: rosidl_typesupport_fastrtps_c;rosidl_typesupport_introspection_c
[0.213s] -- Found rosidl_adapter: 1.2.1 (/opt/ros/foxy/share/rosidl_adapter/cmake)
[0.323s] -- Using all available rosidl_typesupport_cpp: rosidl_typesupport_fastrtps_cpp;rosidl_typesupport_introspection_cpp
[0.360s] -- Found rmw_implementation_cmake: 1.0.3 (/opt/ros/foxy/share/rmw_implementation_cmake/cmake)
[0.361s] -- Using RMW implementation 'rmw_fastrtps_cpp' as default
[0.473s] -- Found example_interfaces: 0.9.1 (/opt/ros/foxy/share/example_interfaces/cmake)
[0.604s] -- Configuring done
[0.616s] -- Generating done
[0.617s] -- Build files have been written to: /home/kenechi/ros2_ws/build/my_cpp_pkg
[0.637s] [35m[1mScanning dependencies of target smartphone[0m
[0.657s] [ 33%] Built target cpp_node
[0.657s] [ 66%] Built target robot_news_station
[0.664s] [ 83%] [32mBuilding CXX object CMakeFiles/smartphone.dir/src/smartphone.cpp.o[0m
[3.943s] [100%] [32m[1mLinking CXX executable smartphone[0m
[4.110s] [100%] Built target smartphone
[4.117s] Invoked command in '/home/kenechi/ros2_ws/build/my_cpp_pkg' returned '0': CMAKE_PREFIX_PATH=${CMAKE_PREFIX_PATH}:/home/kenechi/ros2_ws/install/my_py_pkg:/opt/ros/foxy /usr/bin/cmake --build /home/kenechi/ros2_ws/build/my_cpp_pkg -- -j24 -l24
[4.150s] Invoking command in '/home/kenechi/ros2_ws/build/my_cpp_pkg': CMAKE_PREFIX_PATH=${CMAKE_PREFIX_PATH}:/home/kenechi/ros2_ws/install/my_py_pkg:/opt/ros/foxy /usr/bin/cmake --install /home/kenechi/ros2_ws/build/my_cpp_pkg
[4.158s] -- Install configuration: ""
[4.158s] -- Up-to-date: /home/kenechi/ros2_ws/install/my_cpp_pkg/lib/my_cpp_pkg/cpp_node
[4.158s] -- Up-to-date: /home/kenechi/ros2_ws/install/my_cpp_pkg/lib/my_cpp_pkg/robot_news_station
[4.158s] -- Installing: /home/kenechi/ros2_ws/install/my_cpp_pkg/lib/my_cpp_pkg/smartphone
[4.160s] -- Set runtime path of "/home/kenechi/ros2_ws/install/my_cpp_pkg/lib/my_cpp_pkg/smartphone" to ""
[4.160s] -- Up-to-date: /home/kenechi/ros2_ws/install/my_cpp_pkg/share/ament_index/resource_index/package_run_dependencies/my_cpp_pkg
[4.160s] -- Up-to-date: /home/kenechi/ros2_ws/install/my_cpp_pkg/share/ament_index/resource_index/parent_prefix_path/my_cpp_pkg
[4.160s] -- Up-to-date: /home/kenechi/ros2_ws/install/my_cpp_pkg/share/my_cpp_pkg/environment/ament_prefix_path.sh
[4.160s] -- Installing: /home/kenechi/ros2_ws/install/my_cpp_pkg/share/my_cpp_pkg/environment/ament_prefix_path.dsv
[4.160s] -- Up-to-date: /home/kenechi/ros2_ws/install/my_cpp_pkg/share/my_cpp_pkg/environment/path.sh
[4.160s] -- Installing: /home/kenechi/ros2_ws/install/my_cpp_pkg/share/my_cpp_pkg/environment/path.dsv
[4.160s] -- Up-to-date: /home/kenechi/ros2_ws/install/my_cpp_pkg/share/my_cpp_pkg/local_setup.bash
[4.160s] -- Up-to-date: /home/kenechi/ros2_ws/install/my_cpp_pkg/share/my_cpp_pkg/local_setup.sh
[4.161s] -- Up-to-date: /home/kenechi/ros2_ws/install/my_cpp_pkg/share/my_cpp_pkg/local_setup.zsh
[4.161s] -- Installing: /home/kenechi/ros2_ws/install/my_cpp_pkg/share/my_cpp_pkg/local_setup.dsv
[4.161s] -- Installing: /home/kenechi/ros2_ws/install/my_cpp_pkg/share/my_cpp_pkg/package.dsv
[4.161s] -- Up-to-date: /home/kenechi/ros2_ws/install/my_cpp_pkg/share/ament_index/resource_index/packages/my_cpp_pkg
[4.161s] -- Up-to-date: /home/kenechi/ros2_ws/install/my_cpp_pkg/share/my_cpp_pkg/cmake/my_cpp_pkgConfig.cmake
[4.161s] -- Up-to-date: /home/kenechi/ros2_ws/install/my_cpp_pkg/share/my_cpp_pkg/cmake/my_cpp_pkgConfig-version.cmake
[4.161s] -- Up-to-date: /home/kenechi/ros2_ws/install/my_cpp_pkg/share/my_cpp_pkg/package.xml
[4.163s] Invoked command in '/home/kenechi/ros2_ws/build/my_cpp_pkg' returned '0': CMAKE_PREFIX_PATH=${CMAKE_PREFIX_PATH}:/home/kenechi/ros2_ws/install/my_py_pkg:/opt/ros/foxy /usr/bin/cmake --install /home/kenechi/ros2_ws/build/my_cpp_pkg
