[0.162s] Invoking command in '/home/kenechi/ros2_ws/src/my_py_pkg': PYTHONPATH=/home/kenechi/ros2_ws/install/my_py_pkg/lib/python3.8/site-packages:${PYTHONPATH} /usr/bin/python3 setup.py egg_info --egg-base ../../build/my_py_pkg build --build-base /home/kenechi/ros2_ws/build/my_py_pkg/build install --prefix /home/kenechi/ros2_ws/install/my_py_pkg --record /home/kenechi/ros2_ws/build/my_py_pkg/install.log --single-version-externally-managed
[0.299s] running egg_info
[0.299s] writing ../../build/my_py_pkg/my_py_pkg.egg-info/PKG-INFO
[0.299s] writing dependency_links to ../../build/my_py_pkg/my_py_pkg.egg-info/dependency_links.txt
[0.299s] writing entry points to ../../build/my_py_pkg/my_py_pkg.egg-info/entry_points.txt
[0.299s] writing requirements to ../../build/my_py_pkg/my_py_pkg.egg-info/requires.txt
[0.300s] writing top-level names to ../../build/my_py_pkg/my_py_pkg.egg-info/top_level.txt
[0.323s] reading manifest file '../../build/my_py_pkg/my_py_pkg.egg-info/SOURCES.txt'
[0.323s] writing manifest file '../../build/my_py_pkg/my_py_pkg.egg-info/SOURCES.txt'
[0.323s] running build
[0.323s] running build_py
[0.323s] running install
[0.324s] running install_lib
[0.325s] running install_data
[0.325s] running install_egg_info
[0.326s] removing '/home/kenechi/ros2_ws/install/my_py_pkg/lib/python3.8/site-packages/my_py_pkg-0.0.0-py3.8.egg-info' (and everything under it)
[0.326s] Copying ../../build/my_py_pkg/my_py_pkg.egg-info to /home/kenechi/ros2_ws/install/my_py_pkg/lib/python3.8/site-packages/my_py_pkg-0.0.0-py3.8.egg-info
[0.326s] running install_scripts
[0.336s] Installing py_node script to /home/kenechi/ros2_ws/install/my_py_pkg/lib/my_py_pkg
[0.337s] writing list of installed files to '/home/kenechi/ros2_ws/build/my_py_pkg/install.log'
[0.350s] Invoked command in '/home/kenechi/ros2_ws/src/my_py_pkg' returned '0': PYTHONPATH=/home/kenechi/ros2_ws/install/my_py_pkg/lib/python3.8/site-packages:${PYTHONPATH} /usr/bin/python3 setup.py egg_info --egg-base ../../build/my_py_pkg build --build-base /home/kenechi/ros2_ws/build/my_py_pkg/build install --prefix /home/kenechi/ros2_ws/install/my_py_pkg --record /home/kenechi/ros2_ws/build/my_py_pkg/install.log --single-version-externally-managed
