[0.011s] Invoking command in '/home/kenechi/ros2_ws/build/my_cpp_pkg': CMAKE_PREFIX_PATH=${CMAKE_PREFIX_PATH}:/home/kenechi/ros2_ws/install/my_py_pkg:/opt/ros/foxy /usr/bin/cmake --build /home/kenechi/ros2_ws/build/my_cpp_pkg -- -j24 -l24
[0.034s] -- Found ament_cmake: 0.9.9 (/opt/ros/foxy/share/ament_cmake/cmake)
[0.056s] -- Using PYTHON_EXECUTABLE: /usr/bin/python3
[0.185s] -- Found rclcpp: 2.4.0 (/opt/ros/foxy/share/rclcpp/cmake)
[0.209s] -- Using all available rosidl_typesupport_c: rosidl_typesupport_fastrtps_c;rosidl_typesupport_introspection_c
[0.211s] -- Found rosidl_adapter: 1.2.1 (/opt/ros/foxy/share/rosidl_adapter/cmake)
[0.324s] -- Using all available rosidl_typesupport_cpp: rosidl_typesupport_fastrtps_cpp;rosidl_typesupport_introspection_cpp
[0.360s] -- Found rmw_implementation_cmake: 1.0.3 (/opt/ros/foxy/share/rmw_implementation_cmake/cmake)
[0.360s] -- Using RMW implementation 'rmw_fastrtps_cpp' as default
[0.470s] -- Found example_interfaces: 0.9.1 (/opt/ros/foxy/share/example_interfaces/cmake)
[0.621s] -- Configuring done
[0.631s] -- Generating done
[0.632s] -- Build files have been written to: /home/kenechi/ros2_ws/build/my_cpp_pkg
[0.656s] [35m[1mScanning dependencies of target robot_news_station[0m
[0.674s] [ 50%] Built target cpp_node
[0.677s] [ 75%] [32mBuilding CXX object CMakeFiles/robot_news_station.dir/src/robot_news_station.cpp.o[0m
[2.834s] [100%] [32m[1mLinking CXX executable robot_news_station[0m
[3.001s] [100%] Built target robot_news_station
[3.008s] Invoked command in '/home/kenechi/ros2_ws/build/my_cpp_pkg' returned '0': CMAKE_PREFIX_PATH=${CMAKE_PREFIX_PATH}:/home/kenechi/ros2_ws/install/my_py_pkg:/opt/ros/foxy /usr/bin/cmake --build /home/kenechi/ros2_ws/build/my_cpp_pkg -- -j24 -l24
[3.045s] Invoking command in '/home/kenechi/ros2_ws/build/my_cpp_pkg': CMAKE_PREFIX_PATH=${CMAKE_PREFIX_PATH}:/home/kenechi/ros2_ws/install/my_py_pkg:/opt/ros/foxy /usr/bin/cmake --install /home/kenechi/ros2_ws/build/my_cpp_pkg
[3.053s] -- Install configuration: ""
[3.054s] -- Up-to-date: /home/kenechi/ros2_ws/install/my_cpp_pkg/lib/my_cpp_pkg/cpp_node
[3.054s] -- Installing: /home/kenechi/ros2_ws/install/my_cpp_pkg/lib/my_cpp_pkg/robot_news_station
[3.055s] -- Set runtime path of "/home/kenechi/ros2_ws/install/my_cpp_pkg/lib/my_cpp_pkg/robot_news_station" to ""
[3.055s] -- Installing: /home/kenechi/ros2_ws/install/my_cpp_pkg/share/ament_index/resource_index/package_run_dependencies/my_cpp_pkg
[3.055s] -- Up-to-date: /home/kenechi/ros2_ws/install/my_cpp_pkg/share/ament_index/resource_index/parent_prefix_path/my_cpp_pkg
[3.055s] -- Up-to-date: /home/kenechi/ros2_ws/install/my_cpp_pkg/share/my_cpp_pkg/environment/ament_prefix_path.sh
[3.055s] -- Installing: /home/kenechi/ros2_ws/install/my_cpp_pkg/share/my_cpp_pkg/environment/ament_prefix_path.dsv
[3.055s] -- Up-to-date: /home/kenechi/ros2_ws/install/my_cpp_pkg/share/my_cpp_pkg/environment/path.sh
[3.055s] -- Installing: /home/kenechi/ros2_ws/install/my_cpp_pkg/share/my_cpp_pkg/environment/path.dsv
[3.055s] -- Up-to-date: /home/kenechi/ros2_ws/install/my_cpp_pkg/share/my_cpp_pkg/local_setup.bash
[3.056s] -- Up-to-date: /home/kenechi/ros2_ws/install/my_cpp_pkg/share/my_cpp_pkg/local_setup.sh
[3.056s] -- Up-to-date: /home/kenechi/ros2_ws/install/my_cpp_pkg/share/my_cpp_pkg/local_setup.zsh
[3.056s] -- Installing: /home/kenechi/ros2_ws/install/my_cpp_pkg/share/my_cpp_pkg/local_setup.dsv
[3.056s] -- Installing: /home/kenechi/ros2_ws/install/my_cpp_pkg/share/my_cpp_pkg/package.dsv
[3.056s] -- Up-to-date: /home/kenechi/ros2_ws/install/my_cpp_pkg/share/ament_index/resource_index/packages/my_cpp_pkg
[3.056s] -- Up-to-date: /home/kenechi/ros2_ws/install/my_cpp_pkg/share/my_cpp_pkg/cmake/my_cpp_pkgConfig.cmake
[3.056s] -- Up-to-date: /home/kenechi/ros2_ws/install/my_cpp_pkg/share/my_cpp_pkg/cmake/my_cpp_pkgConfig-version.cmake
[3.056s] -- Installing: /home/kenechi/ros2_ws/install/my_cpp_pkg/share/my_cpp_pkg/package.xml
[3.058s] Invoked command in '/home/kenechi/ros2_ws/build/my_cpp_pkg' returned '0': CMAKE_PREFIX_PATH=${CMAKE_PREFIX_PATH}:/home/kenechi/ros2_ws/install/my_py_pkg:/opt/ros/foxy /usr/bin/cmake --install /home/kenechi/ros2_ws/build/my_cpp_pkg
